<?xml version="1.0" encoding="UTF-8"?>
<!-- Generated by org.testng.reporters.JUnitXMLReporter -->
<testsuite hostname="CSI-315" name="main-suite-test1" tests="1" failures="1" timestamp="8 Aug 2019 08:21:38 GMT" time="78.152" errors="0">
  <testcase name="rti_ApplicationEntry" time="78.142" classname="com.abm.mainet.rti.RTIServices">
    <failure type="java.lang.NullPointerException">
      <![CDATA[java.lang.NullPointerException
	at errorhandling.MainetCustomExceptions.<init>(MainetCustomExceptions.java:29)
	at com.abm.mainet.rti.RTIServices.rti_ApplicationEntry(RTIServices.java:102)
... Removed 24 stack frames]]>
    </failure>
  </testcase> <!-- rti_ApplicationEntry -->
</testsuite> <!-- main-suite-test1 -->
