<?xml version="1.0" encoding="UTF-8"?>
<!-- Generated by org.testng.reporters.JUnitXMLReporter -->
<testsuite hostname="MH-080" name="main-suite-test1" tests="10" failures="9" timestamp="13 Feb 2017 09:17:48 GMT" time="517.839" errors="0">
  <testcase name="adt_AssignHOD" time="73.911" classname="com.abm.mainet.audit.AuditServices">
    <failure type="java.lang.IllegalStateException" message="No match found">
      <![CDATA[java.lang.IllegalStateException: No match found
	at java.util.regex.Matcher.group(Unknown Source)
	at errorhandling.MainetCustomExceptions.<init>(MainetCustomExceptions.java:61)
	at com.abm.mainet.audit.AuditServices.adt_AssignHOD(AuditServices.java:76)
... Removed 25 stack frames]]>
    </failure>
  </testcase> <!-- adt_AssignHOD -->
  <testcase name="adt_PlanAudit" time="67.04" classname="com.abm.mainet.audit.AuditServices">
    <skipped/>
  </testcase> <!-- adt_PlanAudit -->
  <testcase name="adt_ScheduleAudit" time="41.217" classname="com.abm.mainet.audit.AuditServices">
    <failure type="java.lang.IllegalStateException" message="No match found">
      <![CDATA[java.lang.IllegalStateException: No match found
	at java.util.regex.Matcher.group(Unknown Source)
	at errorhandling.MainetCustomExceptions.<init>(MainetCustomExceptions.java:61)
	at com.abm.mainet.audit.AuditServices.adt_ScheduleAudit(AuditServices.java:118)
... Removed 25 stack frames]]>
    </failure>
  </testcase> <!-- adt_ScheduleAudit -->
  <testcase name="adt_HodResp_AuditMemoCombn_loop" time="49.752" classname="com.abm.mainet.audit.AuditServices">
    <failure type="java.lang.IllegalStateException" message="No match found">
      <![CDATA[java.lang.IllegalStateException: No match found
	at java.util.regex.Matcher.group(Unknown Source)
	at errorhandling.MainetCustomExceptions.<init>(MainetCustomExceptions.java:61)
	at com.abm.mainet.audit.AuditServices.adt_HodResp_AuditMemoCombn_loop(AuditServices.java:313)
... Removed 25 stack frames]]>
    </failure>
  </testcase> <!-- adt_HodResp_AuditMemoCombn_loop -->
  <testcase name="adt_HodResp_AuditMemoCombn_loop" time="47.425" classname="com.abm.mainet.audit.AuditServices">
    <failure type="java.lang.IllegalStateException" message="No match found">
      <![CDATA[java.lang.IllegalStateException: No match found
	at java.util.regex.Matcher.group(Unknown Source)
	at errorhandling.MainetCustomExceptions.<init>(MainetCustomExceptions.java:61)
	at com.abm.mainet.audit.AuditServices.adt_HodResp_AuditMemoCombn_loop(AuditServices.java:313)
... Removed 25 stack frames]]>
    </failure>
  </testcase> <!-- adt_HodResp_AuditMemoCombn_loop -->
  <testcase name="adt_HodResp_AuditMemoCombn_loop" time="46.956" classname="com.abm.mainet.audit.AuditServices">
    <failure type="java.lang.IllegalStateException" message="No match found">
      <![CDATA[java.lang.IllegalStateException: No match found
	at java.util.regex.Matcher.group(Unknown Source)
	at errorhandling.MainetCustomExceptions.<init>(MainetCustomExceptions.java:61)
	at com.abm.mainet.audit.AuditServices.adt_HodResp_AuditMemoCombn_loop(AuditServices.java:313)
... Removed 25 stack frames]]>
    </failure>
  </testcase> <!-- adt_HodResp_AuditMemoCombn_loop -->
  <testcase name="adt_HodResp_AuditMemoCombn_loop" time="48.132" classname="com.abm.mainet.audit.AuditServices">
    <failure type="java.lang.IllegalStateException" message="No match found">
      <![CDATA[java.lang.IllegalStateException: No match found
	at java.util.regex.Matcher.group(Unknown Source)
	at errorhandling.MainetCustomExceptions.<init>(MainetCustomExceptions.java:61)
	at com.abm.mainet.audit.AuditServices.adt_HodResp_AuditMemoCombn_loop(AuditServices.java:313)
... Removed 25 stack frames]]>
    </failure>
  </testcase> <!-- adt_HodResp_AuditMemoCombn_loop -->
  <testcase name="adt_HodResp_AuditMemoCombn_loop" time="48.391" classname="com.abm.mainet.audit.AuditServices">
    <failure type="java.lang.IllegalStateException" message="No match found">
      <![CDATA[java.lang.IllegalStateException: No match found
	at java.util.regex.Matcher.group(Unknown Source)
	at errorhandling.MainetCustomExceptions.<init>(MainetCustomExceptions.java:61)
	at com.abm.mainet.audit.AuditServices.adt_HodResp_AuditMemoCombn_loop(AuditServices.java:313)
... Removed 25 stack frames]]>
    </failure>
  </testcase> <!-- adt_HodResp_AuditMemoCombn_loop -->
  <testcase name="adt_HodResp_AuditMemoCombn_loop" time="47.793" classname="com.abm.mainet.audit.AuditServices">
    <failure type="java.lang.IllegalStateException" message="No match found">
      <![CDATA[java.lang.IllegalStateException: No match found
	at java.util.regex.Matcher.group(Unknown Source)
	at errorhandling.MainetCustomExceptions.<init>(MainetCustomExceptions.java:61)
	at com.abm.mainet.audit.AuditServices.adt_HodResp_AuditMemoCombn_loop(AuditServices.java:313)
... Removed 25 stack frames]]>
    </failure>
  </testcase> <!-- adt_HodResp_AuditMemoCombn_loop -->
  <testcase name="adt_HodResp_AuditMemoCombn_loop" time="47.182" classname="com.abm.mainet.audit.AuditServices">
    <failure type="java.lang.IllegalStateException" message="No match found">
      <![CDATA[java.lang.IllegalStateException: No match found
	at java.util.regex.Matcher.group(Unknown Source)
	at errorhandling.MainetCustomExceptions.<init>(MainetCustomExceptions.java:61)
	at com.abm.mainet.audit.AuditServices.adt_HodResp_AuditMemoCombn_loop(AuditServices.java:313)
... Removed 25 stack frames]]>
    </failure>
  </testcase> <!-- adt_HodResp_AuditMemoCombn_loop -->
</testsuite> <!-- main-suite-test1 -->
