<?xml version="1.0" encoding="UTF-8"?>
<!-- Generated by org.testng.reporters.JUnitXMLReporter -->
<testsuite hostname="MH-080" ignored="35" name="main-suite-test1" tests="1" failures="1" timestamp="15 May 2017 10:47:07 GMT" time="84.885" errors="0">
  <testcase name="adh_AgencyContract" time="84.871" classname="com.abm.mainet.adh.AdvertisingAndHoardingServices">
    <failure type="java.lang.IllegalStateException" message="No match found">
      <![CDATA[java.lang.IllegalStateException: No match found
	at java.util.regex.Matcher.group(Unknown Source)
	at errorhandling.MainetCustomExceptions.<init>(MainetCustomExceptions.java:61)
	at com.abm.mainet.adh.AdvertisingAndHoardingServices.adh_AgencyContract(AdvertisingAndHoardingServices.java:678)
... Removed 25 stack frames]]>
    </failure>
  </testcase> <!-- adh_AgencyContract -->
  <testcase name="adh_contractLetterPrinting" time="0.0" classname="com.abm.mainet.adh.AdvertisingAndHoardingServices">
    <ignored/>
  </testcase> <!-- adh_contractLetterPrinting -->
  <testcase name="adh_AdvtRenewalOfAdvtContract" time="0.0" classname="com.abm.mainet.adh.AdvertisingAndHoardingServices">
    <ignored/>
  </testcase> <!-- adh_AdvtRenewalOfAdvtContract -->
  <testcase name="adh_AdvtrenewalcontractBillPrinting" time="0.0" classname="com.abm.mainet.adh.AdvertisingAndHoardingServices">
    <ignored/>
  </testcase> <!-- adh_AdvtrenewalcontractBillPrinting -->
  <testcase name="adh_ApprovalLetterPrinting" time="0.0" classname="com.abm.mainet.adh.AdvertisingAndHoardingServices">
    <ignored/>
  </testcase> <!-- adh_ApprovalLetterPrinting -->
  <testcase name="adh_contractBillPayment" time="0.0" classname="com.abm.mainet.adh.AdvertisingAndHoardingServices">
    <ignored/>
  </testcase> <!-- adh_contractBillPayment -->
  <testcase name="adh_intimationforRemovalofAdvertisment" time="0.0" classname="com.abm.mainet.adh.AdvertisingAndHoardingServices">
    <ignored/>
  </testcase> <!-- adh_intimationforRemovalofAdvertisment -->
  <testcase name="adh_setUpOfHoardingBillPrinting" time="0.0" classname="com.abm.mainet.adh.AdvertisingAndHoardingServices">
    <ignored/>
  </testcase> <!-- adh_setUpOfHoardingBillPrinting -->
  <testcase name="adh_setUpOfHoardingApprovalLetterPrinting" time="0.0" classname="com.abm.mainet.adh.AdvertisingAndHoardingServices">
    <ignored/>
  </testcase> <!-- adh_setUpOfHoardingApprovalLetterPrinting -->
  <testcase name="adh_AdvtrenwlContrctScrutinyProcess" time="0.0" classname="com.abm.mainet.adh.AdvertisingAndHoardingServices">
    <ignored/>
  </testcase> <!-- adh_AdvtrenwlContrctScrutinyProcess -->
  <testcase name="adh_cancellationOfContractNAgency" time="0.0" classname="com.abm.mainet.adh.AdvertisingAndHoardingServices">
    <ignored/>
  </testcase> <!-- adh_cancellationOfContractNAgency -->
  <testcase name="adh_setUpOfHoardingLoipayment" time="0.0" classname="com.abm.mainet.adh.AdvertisingAndHoardingServices">
    <ignored/>
  </testcase> <!-- adh_setUpOfHoardingLoipayment -->
  <testcase name="adh_AdvtrenewalContractBillPayment" time="0.0" classname="com.abm.mainet.adh.AdvertisingAndHoardingServices">
    <ignored/>
  </testcase> <!-- adh_AdvtrenewalContractBillPayment -->
  <testcase name="adh_suspensionOfContractNAgency" time="0.0" classname="com.abm.mainet.adh.AdvertisingAndHoardingServices">
    <ignored/>
  </testcase> <!-- adh_suspensionOfContractNAgency -->
  <testcase name="adh_AdvtRenewalContractChkLstVerifctn" time="0.0" classname="com.abm.mainet.adh.AdvertisingAndHoardingServices">
    <ignored/>
  </testcase> <!-- adh_AdvtRenewalContractChkLstVerifctn -->
  <testcase name="adh_AgencyContractBillPrinting" time="0.0" classname="com.abm.mainet.adh.AdvertisingAndHoardingServices">
    <ignored/>
  </testcase> <!-- adh_AgencyContractBillPrinting -->
  <testcase name="adh_BillGeneration" time="0.0" classname="com.abm.mainet.adh.AdvertisingAndHoardingServices">
    <ignored/>
  </testcase> <!-- adh_BillGeneration -->
  <testcase name="adh_AdvtrenwlContrctLOIPayment" time="0.0" classname="com.abm.mainet.adh.AdvertisingAndHoardingServices">
    <ignored/>
  </testcase> <!-- adh_AdvtrenwlContrctLOIPayment -->
  <testcase name="adh_setUpOfHoardingchekcListVerification" time="0.0" classname="com.abm.mainet.adh.AdvertisingAndHoardingServices">
    <ignored/>
  </testcase> <!-- adh_setUpOfHoardingchekcListVerification -->
  <testcase name="adh_setUpOfHoardingBillGeneration" time="0.0" classname="com.abm.mainet.adh.AdvertisingAndHoardingServices">
    <ignored/>
  </testcase> <!-- adh_setUpOfHoardingBillGeneration -->
  <testcase name="adh_setUpOfHoardingscrutinyProcess" time="0.0" classname="com.abm.mainet.adh.AdvertisingAndHoardingServices">
    <ignored/>
  </testcase> <!-- adh_setUpOfHoardingscrutinyProcess -->
  <testcase name="adh_addHoardingInspection" time="0.0" classname="com.abm.mainet.adh.AdvertisingAndHoardingServices">
    <ignored/>
  </testcase> <!-- adh_addHoardingInspection -->
  <testcase name="adh_BillPrinting" time="0.0" classname="com.abm.mainet.adh.AdvertisingAndHoardingServices">
    <ignored/>
  </testcase> <!-- adh_BillPrinting -->
  <testcase name="adh_chekcListVerification" time="0.0" classname="com.abm.mainet.adh.AdvertisingAndHoardingServices">
    <ignored/>
  </testcase> <!-- adh_chekcListVerification -->
  <testcase name="adh_AgencyContractBillGeneration" time="0.0" classname="com.abm.mainet.adh.AdvertisingAndHoardingServices">
    <ignored/>
  </testcase> <!-- adh_AgencyContractBillGeneration -->
  <testcase name="adh_AgencyContractContractBillPayment" time="0.0" classname="com.abm.mainet.adh.AdvertisingAndHoardingServices">
    <ignored/>
  </testcase> <!-- adh_AgencyContractContractBillPayment -->
  <testcase name="adh_scrutinyProcess" time="0.0" classname="com.abm.mainet.adh.AdvertisingAndHoardingServices">
    <ignored/>
  </testcase> <!-- adh_scrutinyProcess -->
  <testcase name="adh_AdvtrenwlContrctPrinterCounter" time="0.0" classname="com.abm.mainet.adh.AdvertisingAndHoardingServices">
    <ignored/>
  </testcase> <!-- adh_AdvtrenwlContrctPrinterCounter -->
  <testcase name="adh_printergrid" time="0.0" classname="com.abm.mainet.adh.AdvertisingAndHoardingServices">
    <ignored/>
  </testcase> <!-- adh_printergrid -->
  <testcase name="adh_AdvtrenewalContractApprovalLetterPrinting" time="0.0" classname="com.abm.mainet.adh.AdvertisingAndHoardingServices">
    <ignored/>
  </testcase> <!-- adh_AdvtrenewalContractApprovalLetterPrinting -->
  <testcase name="adh_Loipayment" time="0.0" classname="com.abm.mainet.adh.AdvertisingAndHoardingServices">
    <ignored/>
  </testcase> <!-- adh_Loipayment -->
  <testcase name="adh_SetUpOfHoarding" time="0.0" classname="com.abm.mainet.adh.AdvertisingAndHoardingServices">
    <ignored/>
  </testcase> <!-- adh_SetUpOfHoarding -->
  <testcase name="adh_bookingOfHording" time="0.0" classname="com.abm.mainet.adh.AdvertisingAndHoardingServices">
    <ignored/>
  </testcase> <!-- adh_bookingOfHording -->
  <testcase name="adh_setUpOfHoardingContractBillPayment" time="0.0" classname="com.abm.mainet.adh.AdvertisingAndHoardingServices">
    <ignored/>
  </testcase> <!-- adh_setUpOfHoardingContractBillPayment -->
  <testcase name="adh_AdvtrewalcontractBillGeneration" time="0.0" classname="com.abm.mainet.adh.AdvertisingAndHoardingServices">
    <ignored/>
  </testcase> <!-- adh_AdvtrewalcontractBillGeneration -->
  <testcase name="adh_setUpOfHoardingprintergrid" time="0.0" classname="com.abm.mainet.adh.AdvertisingAndHoardingServices">
    <ignored/>
  </testcase> <!-- adh_setUpOfHoardingprintergrid -->
</testsuite> <!-- main-suite-test1 -->
