<?xml version="1.0" encoding="UTF-8"?>
<!-- Generated by org.testng.reporters.JUnitXMLReporter -->
<testsuite hostname="MH077" name="main-suite-test1" tests="1" failures="1" timestamp="5 Dec 2017 14:07:04 GMT" time="71.266" errors="0">
  <testcase name="marketLicense_Scrutiny" time="71.244" classname="com.abm.mainet.mkt.MarketLicenseServices">
    <failure type="java.lang.Error" message="Unresolved compilation problem: 
	The import sun.security.krb5.ServiceName cannot be resolved
">
      <![CDATA[java.lang.Error: Unresolved compilation problem: 
	The import sun.security.krb5.ServiceName cannot be resolved

	at com.abm.mainet.tp.TownPlanningServices.<init>(TownPlanningServices.java:21)
	at common.ScrutinyProcess.ScrutinySwitchQuestions(ScrutinyProcess.java:480)
	at common.ScrutinyProcess.Scrutiny(ScrutinyProcess.java:361)
	at common.ScrutinyProcess.scrutinyProcess(ScrutinyProcess.java:140)
	at common.ScrutinyProcess.ScrutinyProcess(ScrutinyProcess.java:64)
	at com.abm.mainet.mkt.MarketLicenseServices.marketLicense_Scrutiny(MarketLicenseServices.java:155)
... Removed 25 stack frames]]>
    </failure>
  </testcase> <!-- marketLicense_Scrutiny -->
</testsuite> <!-- main-suite-test1 -->
