<?xml version="1.0" encoding="UTF-8"?>
<!-- Generated by org.testng.reporters.JUnitXMLReporter -->
<testsuite hostname="MH-080" name="Market" tests="1" failures="1" timestamp="8 Nov 2016 14:10:54 GMT" time="77.834" errors="0">
  <testcase name="market_renewalofTradeLicense" time="77.818" classname="com.abm.mainet.mkt.MarketLicenseServices">
    <failure type="java.lang.NullPointerException">
      <![CDATA[java.lang.NullPointerException
	at errorhandling.MainetCustomExceptions.<init>(MainetCustomExceptions.java:29)
	at com.abm.mainet.mkt.MarketLicenseServices.market_renewalofTradeLicense(MarketLicenseServices.java:456)
... Removed 25 stack frames]]>
    </failure>
  </testcase> <!-- market_renewalofTradeLicense -->
</testsuite> <!-- Market -->
