<?xml version="1.0" encoding="UTF-8"?>
<!-- Generated by org.testng.reporters.JUnitXMLReporter -->
<testsuite hostname="MH-080" name="main-suite-test1" tests="4" failures="3" timestamp="2 Feb 2017 07:01:01 GMT" time="530.188" errors="0">
  <testcase name="rti_ApplicationEntry" time="102.668" classname="com.abm.mainet.rti.RTIServices"/>
  <testcase name="rti_Response" time="122.495" classname="com.abm.mainet.rti.RTIServices">
    <failure type="java.lang.AssertionError" message="#####RTI application name is not matching with response rti application name-----#####RTI application name is not matching with response rti application name-----">
      <![CDATA[java.lang.AssertionError: #####RTI application name is not matching with response rti application name-----#####RTI application name is not matching with response rti application name-----
	at com.abm.mainet.rti.RTIAppCustomErrorMessages.assertAll(RTIAppCustomErrorMessages.java:66)
	at com.abm.mainet.rti.RTIServices.rti_Response(RTIServices.java:109)
... Removed 25 stack frames]]>
    </failure>
  </testcase> <!-- rti_Response -->
  <testcase name="rti_FirstAppealEntry" time="182.487" classname="com.abm.mainet.rti.RTIServices">
    <failure type="java.lang.AssertionError" message="#####RTI application name is not matching with response rti application name-----#####RTI application name is not matching with response rti application name-----">
      <![CDATA[java.lang.AssertionError: #####RTI application name is not matching with response rti application name-----#####RTI application name is not matching with response rti application name-----
	at com.abm.mainet.rti.RTIAppCustomErrorMessages.assertAll(RTIAppCustomErrorMessages.java:66)
	at com.abm.mainet.rti.RTIServices.rti_FirstAppealEntry(RTIServices.java:129)
... Removed 25 stack frames]]>
    </failure>
  </testcase> <!-- rti_FirstAppealEntry -->
  <testcase name="rti_FirstAppealResponse" time="122.495" classname="com.abm.mainet.rti.RTIServices">
    <failure type="java.lang.AssertionError" message="#####RTI application name is not matching with firstappeallistassertionresponse rti application name-----">
      <![CDATA[java.lang.AssertionError: #####RTI application name is not matching with firstappeallistassertionresponse rti application name-----
	at com.abm.mainet.rti.RTIAppCustomErrorMessages.assertAll(RTIAppCustomErrorMessages.java:66)
	at com.abm.mainet.rti.RTIServices.rti_FirstAppealResponse(RTIServices.java:147)
... Removed 25 stack frames]]>
    </failure>
  </testcase> <!-- rti_FirstAppealResponse -->
</testsuite> <!-- main-suite-test1 -->
