<?xml version="1.0" encoding="UTF-8"?>
<!-- Generated by org.testng.reporters.JUnitXMLReporter -->
<testsuite hostname="MH-080" name="main-suite-test1" tests="5" failures="4" timestamp="11 Apr 2017 08:00:27 GMT" time="31.854" errors="0">
  <testcase name="TS_redmine" time="14.249" classname="com.abm.mainet.ts.TSMastersAndTransactions"/>
  <testcase name="TS_redminets" time="6.939" classname="com.abm.mainet.ts.TSMastersAndTransactions">
    <failure type="java.lang.NullPointerException">
      <![CDATA[java.lang.NullPointerException
	at errorhandling.MainetCustomExceptions.<init>(MainetCustomExceptions.java:29)
	at com.abm.mainet.ts.TSMastersAndTransactions.TS_redminets(TSMastersAndTransactions.java:82)
... Removed 25 stack frames]]>
    </failure>
  </testcase> <!-- TS_redminets -->
  <testcase name="TS_redminets" time="3.37" classname="com.abm.mainet.ts.TSMastersAndTransactions">
    <failure type="java.lang.NullPointerException">
      <![CDATA[java.lang.NullPointerException
	at errorhandling.MainetCustomExceptions.<init>(MainetCustomExceptions.java:29)
	at com.abm.mainet.ts.TSMastersAndTransactions.TS_redminets(TSMastersAndTransactions.java:82)
... Removed 25 stack frames]]>
    </failure>
  </testcase> <!-- TS_redminets -->
  <testcase name="TS_redminets" time="3.428" classname="com.abm.mainet.ts.TSMastersAndTransactions">
    <failure type="java.lang.NullPointerException">
      <![CDATA[java.lang.NullPointerException
	at errorhandling.MainetCustomExceptions.<init>(MainetCustomExceptions.java:29)
	at com.abm.mainet.ts.TSMastersAndTransactions.TS_redminets(TSMastersAndTransactions.java:82)
... Removed 25 stack frames]]>
    </failure>
  </testcase> <!-- TS_redminets -->
  <testcase name="TS_redminets" time="3.852" classname="com.abm.mainet.ts.TSMastersAndTransactions">
    <failure type="java.lang.NullPointerException">
      <![CDATA[java.lang.NullPointerException
	at errorhandling.MainetCustomExceptions.<init>(MainetCustomExceptions.java:29)
	at com.abm.mainet.ts.TSMastersAndTransactions.TS_redminets(TSMastersAndTransactions.java:82)
... Removed 25 stack frames]]>
    </failure>
  </testcase> <!-- TS_redminets -->
</testsuite> <!-- main-suite-test1 -->
