<?xml version="1.0" encoding="UTF-8"?>
<!-- Generated by org.testng.reporters.JUnitXMLReporter -->
<testsuite hostname="MH-080" ignored="12" name="main-suite-test1" tests="18" failures="1" timestamp="30 Jun 2017 10:42:34 GMT" time="2034.55" errors="0">
  <testcase name="rnl_bookingOfEstate" time="123.269" classname="com.abm.mainet.rnl.RentAndLeaseServices"/>
  <testcase name="rnl_bookingOfEstate" time="141.878" classname="com.abm.mainet.rnl.RentAndLeaseServices"/>
  <testcase name="rnl_bookingOfEstate" time="140.519" classname="com.abm.mainet.rnl.RentAndLeaseServices"/>
  <testcase name="rnl_chekcListVerification" time="162.007" classname="com.abm.mainet.rnl.RentAndLeaseServices"/>
  <testcase name="rnl_chekcListVerification" time="120.139" classname="com.abm.mainet.rnl.RentAndLeaseServices"/>
  <testcase name="rnl_chekcListVerification" time="116.941" classname="com.abm.mainet.rnl.RentAndLeaseServices"/>
  <testcase name="rnl_scrutinyProcess" time="0.376" classname="com.abm.mainet.rnl.RentAndLeaseServices"/>
  <testcase name="rnl_scrutinyProcess" time="305.968" classname="com.abm.mainet.rnl.RentAndLeaseServices"/>
  <testcase name="rnl_scrutinyProcess" time="287.637" classname="com.abm.mainet.rnl.RentAndLeaseServices"/>
  <testcase name="rnl_printergrid" time="0.646" classname="com.abm.mainet.rnl.RentAndLeaseServices"/>
  <testcase name="rnl_printergrid" time="158.132" classname="com.abm.mainet.rnl.RentAndLeaseServices"/>
  <testcase name="rnl_printergrid" time="154.152" classname="com.abm.mainet.rnl.RentAndLeaseServices"/>
  <testcase name="rnl_Loipayment" time="0.48" classname="com.abm.mainet.rnl.RentAndLeaseServices"/>
  <testcase name="rnl_Loipayment" time="0.004" classname="com.abm.mainet.rnl.RentAndLeaseServices"/>
  <testcase name="rnl_Loipayment" time="182.868" classname="com.abm.mainet.rnl.RentAndLeaseServices">
    <failure type="java.lang.AssertionError" message="#####Message Does not match at LOI Payment POPup.   Actual   :Successfully !   Expected   :LOI Details Received, Proceed for Offline Payment.-----">
      <![CDATA[java.lang.AssertionError: #####Message Does not match at LOI Payment POPup.   Actual   :Successfully !   Expected   :LOI Details Received, Proceed for Offline Payment.-----
	at com.abm.mainet.rnl.RentAndLeaseCustomErrorMessages.assertAll(RentAndLeaseCustomErrorMessages.java:64)
	at com.abm.mainet.rnl.RentAndLeaseServices.rnl_Loipayment(RentAndLeaseServices.java:344)
... Removed 25 stack frames]]>
    </failure>
  </testcase> <!-- rnl_Loipayment -->
  <testcase name="rnl_ApprovalLetterPrinting" time="0.258" classname="com.abm.mainet.rnl.RentAndLeaseServices"/>
  <testcase name="rnl_ApprovalLetterPrinting" time="0.0" classname="com.abm.mainet.rnl.RentAndLeaseServices"/>
  <testcase name="rnl_ApprovalLetterPrinting" time="139.232" classname="com.abm.mainet.rnl.RentAndLeaseServices"/>
  <testcase name="rnl_RentPaymentSchedule" time="0.0" classname="com.abm.mainet.rnl.RentAndLeaseServices">
    <ignored/>
  </testcase> <!-- rnl_RentPaymentSchedule -->
  <testcase name="rnl_RentrenwlContrctPrinterCounter" time="0.0" classname="com.abm.mainet.rnl.RentAndLeaseServices">
    <ignored/>
  </testcase> <!-- rnl_RentrenwlContrctPrinterCounter -->
  <testcase name="rnl_RentrenewalContractApprovalLetterPrinting" time="0.0" classname="com.abm.mainet.rnl.RentAndLeaseServices">
    <ignored/>
  </testcase> <!-- rnl_RentrenewalContractApprovalLetterPrinting -->
  <testcase name="rnl_TenantMaster" time="0.0" classname="com.abm.mainet.rnl.RentAndLeaseServices">
    <ignored/>
  </testcase> <!-- rnl_TenantMaster -->
  <testcase name="rnl_RenewalOfRentContract" time="0.0" classname="com.abm.mainet.rnl.RentAndLeaseServices">
    <ignored/>
  </testcase> <!-- rnl_RenewalOfRentContract -->
  <testcase name="rnl_RentrenwlContrctScrutinyProcess" time="0.0" classname="com.abm.mainet.rnl.RentAndLeaseServices">
    <ignored/>
  </testcase> <!-- rnl_RentrenwlContrctScrutinyProcess -->
  <testcase name="rnl_TenantContractGeneration" time="0.0" classname="com.abm.mainet.rnl.RentAndLeaseServices">
    <ignored/>
  </testcase> <!-- rnl_TenantContractGeneration -->
  <testcase name="rnl_landAndEstateMasterEntry" time="0.0" classname="com.abm.mainet.rnl.RentAndLeaseServices">
    <ignored/>
  </testcase> <!-- rnl_landAndEstateMasterEntry -->
  <testcase name="rnl_RentRenewalContractChkLstVerifctn" time="0.0" classname="com.abm.mainet.rnl.RentAndLeaseServices">
    <ignored/>
  </testcase> <!-- rnl_RentRenewalContractChkLstVerifctn -->
  <testcase name="rnl_RentrenwlContrctLOIPayment" time="0.0" classname="com.abm.mainet.rnl.RentAndLeaseServices">
    <ignored/>
  </testcase> <!-- rnl_RentrenwlContrctLOIPayment -->
  <testcase name="rnl_BillGeneration" time="0.0" classname="com.abm.mainet.rnl.RentAndLeaseServices">
    <ignored/>
  </testcase> <!-- rnl_BillGeneration -->
  <testcase name="rnl_BillPrinting" time="0.0" classname="com.abm.mainet.rnl.RentAndLeaseServices">
    <ignored/>
  </testcase> <!-- rnl_BillPrinting -->
</testsuite> <!-- main-suite-test1 -->
