<?xml version="1.0" encoding="UTF-8"?>
<testng-results skipped="0" failed="0" total="0" passed="0">
  <reporter-output>
  </reporter-output>
  <suite name="Default suite" duration-ms="4" started-at="2020-01-22T14:05:31Z" finished-at="2020-01-22T14:05:31Z">
    <groups>
    </groups>
    <test name="Default test" duration-ms="4" started-at="2020-01-22T14:05:31Z" finished-at="2020-01-22T14:05:31Z">
      <class name="com.abm.mainet.rti.RTIServices">
        <test-method status="PASS" signature="beforeSuite()[pri:0, instance:com.abm.mainet.rti.RTIServices@6a79c292]" name="beforeSuite" is-config="true" duration-ms="8" started-at="2020-01-22T19:35:31Z" finished-at="2020-01-22T19:35:31Z">
          <reporter-output>
          </reporter-output>
        </test-method> <!-- beforeSuite -->
      </class> <!-- com.abm.mainet.rti.RTIServices -->
    </test> <!-- Default test -->
  </suite> <!-- Default suite -->
</testng-results>
