<?xml version="1.0" encoding="UTF-8"?>
<!-- Generated by org.testng.reporters.JUnitXMLReporter -->
<testsuite hostname="MH052" name="main-suite-test1" tests="1" failures="1" timestamp="7 Sep 2015 13:16:54 GMT" time="211.278" errors="0">
  <testcase name="birthAndDeathRegistration" time="211.267" classname="com.abm.mainet.bnd.BirthAndDeathServices">
    <failure type="java.lang.AssertionError" message="The following asserts failed:
	expected [false] but found [true], 
	expected [150] but found [160]">
      <![CDATA[java.lang.AssertionError: The following asserts failed:
	expected [false] but found [true], 
	expected [150] but found [160]
	at com.abm.mainet.bnd.BirthAndDeathServices.birthAndDeathRegistration(BirthAndDeathServices.java:295)
... Removed 25 stack frames]]>
    </failure>
  </testcase> <!-- birthAndDeathRegistration -->
</testsuite> <!-- main-suite-test1 -->
